0 info it worked if it ends with ok
1 verbose cli [ '/usr/local/bin/node',
1 verbose cli   '/usr/local/bin/npm',
1 verbose cli   'install',
1 verbose cli   'git',
1 verbose cli   '-g' ]
2 info using npm@3.6.0
3 info using node@v5.7.0
4 silly loadCurrentTree Starting
5 silly install loadCurrentTree
6 silly install readGlobalPackageData
7 silly fetchPackageMetaData git
8 silly fetchNamedPackageData git
9 silly mapToRegistry name git
10 silly mapToRegistry using default registry
11 silly mapToRegistry registry https://registry.npmjs.org/
12 silly mapToRegistry uri https://registry.npmjs.org/git
13 verbose request uri https://registry.npmjs.org/git
14 verbose request no auth needed
15 info attempt registry request try #1 at 21:20:52
16 verbose request id a462c9a1763aea4d
17 http request GET https://registry.npmjs.org/git
18 http 200 https://registry.npmjs.org/git
19 verbose headers { server: 'nginx/1.10.1',
19 verbose headers   'content-type': 'application/json',
19 verbose headers   'last-modified': 'Mon, 20 Feb 2017 03:16:08 GMT',
19 verbose headers   etag: 'W/"58aa5f78-278b"',
19 verbose headers   'content-encoding': 'gzip',
19 verbose headers   'cache-control': 'max-age=300',
19 verbose headers   'content-length': '2304',
19 verbose headers   'accept-ranges': 'bytes',
19 verbose headers   date: 'Mon, 12 Jun 2017 13:20:54 GMT',
19 verbose headers   via: '1.1 varnish',
19 verbose headers   age: '0',
19 verbose headers   connection: 'keep-alive',
19 verbose headers   'x-served-by': 'cache-nrt6129-NRT',
19 verbose headers   'x-cache': 'HIT',
19 verbose headers   'x-cache-hits': '1',
19 verbose headers   'x-timer': 'S1497273654.824555,VS0,VE529',
19 verbose headers   vary: 'Accept-Encoding' }
20 silly get cb [ 200,
20 silly get   { server: 'nginx/1.10.1',
20 silly get     'content-type': 'application/json',
20 silly get     'last-modified': 'Mon, 20 Feb 2017 03:16:08 GMT',
20 silly get     etag: 'W/"58aa5f78-278b"',
20 silly get     'content-encoding': 'gzip',
20 silly get     'cache-control': 'max-age=300',
20 silly get     'content-length': '2304',
20 silly get     'accept-ranges': 'bytes',
20 silly get     date: 'Mon, 12 Jun 2017 13:20:54 GMT',
20 silly get     via: '1.1 varnish',
20 silly get     age: '0',
20 silly get     connection: 'keep-alive',
20 silly get     'x-served-by': 'cache-nrt6129-NRT',
20 silly get     'x-cache': 'HIT',
20 silly get     'x-cache-hits': '1',
20 silly get     'x-timer': 'S1497273654.824555,VS0,VE529',
20 silly get     vary: 'Accept-Encoding' } ]
21 verbose get saving git to /Users/Edward/.npm/registry.npmjs.org/git/.cache.json
22 verbose correctMkdir /Users/Edward/.npm correctMkdir not in flight; initializing
23 silly install normalizeTree
24 silly loadCurrentTree Finishing
25 silly loadIdealTree Starting
26 silly install loadIdealTree
27 silly cloneCurrentTree Starting
28 silly install cloneCurrentTreeToIdealTree
29 silly cloneCurrentTree Finishing
30 silly loadShrinkwrap Starting
31 silly install loadShrinkwrap
32 silly loadShrinkwrap Finishing
33 silly loadAllDepsIntoIdealTree Starting
34 silly install loadAllDepsIntoIdealTree
35 silly resolveWithNewModule git@0.1.5 checking installable status
36 silly cache add args [ 'git', null ]
37 verbose cache add spec git
38 silly cache add parsed spec Result {
38 silly cache add   raw: 'git',
38 silly cache add   scope: null,
38 silly cache add   name: 'git',
38 silly cache add   rawSpec: '',
38 silly cache add   spec: 'latest',
38 silly cache add   type: 'tag' }
39 silly addNamed git@latest
40 verbose addNamed "latest" is being treated as a dist-tag for git
41 info addNameTag [ 'git', 'latest' ]
42 silly mapToRegistry name git
43 silly mapToRegistry using default registry
44 silly mapToRegistry registry https://registry.npmjs.org/
45 silly mapToRegistry uri https://registry.npmjs.org/git
46 verbose addNameTag registry:https://registry.npmjs.org/git not in flight; fetching
47 verbose get https://registry.npmjs.org/git not expired, no request
48 silly addNameTag next cb for git with tag latest
49 silly addNamed git@0.1.5
50 verbose addNamed "0.1.5" is a plain semver version for git
51 silly mapToRegistry name git
52 silly mapToRegistry using default registry
53 silly mapToRegistry registry https://registry.npmjs.org/
54 silly mapToRegistry uri https://registry.npmjs.org/git
55 verbose addRemoteTarball https://registry.npmjs.org/git/-/git-0.1.5.tgz not in flight; adding
56 verbose addRemoteTarball [ 'https://registry.npmjs.org/git/-/git-0.1.5.tgz',
56 verbose addRemoteTarball   '9ef62df93f851c27542143bf52d1c68b1017ca15' ]
57 info retry fetch attempt 1 at 21:20:54
58 info attempt registry request try #1 at 21:20:54
59 http fetch GET https://registry.npmjs.org/git/-/git-0.1.5.tgz
60 http fetch 200 https://registry.npmjs.org/git/-/git-0.1.5.tgz
61 silly fetchAndShaCheck shasum 9ef62df93f851c27542143bf52d1c68b1017ca15
62 verbose addTmpTarball /var/folders/mj/whmm5d8574d8fknfcgdr6g4h0000gn/T/npm-2774-b9a026cc/registry.npmjs.org/git/-/git-0.1.5.tgz not in flight; adding
63 verbose addTmpTarball already have metadata; skipping unpack for git@0.1.5
64 verbose correctMkdir /Users/Edward/.npm correctMkdir not in flight; initializing
65 silly cache afterAdd git@0.1.5
66 verbose afterAdd /Users/Edward/.npm/git/0.1.5/package/package.json not in flight; writing
67 verbose correctMkdir /Users/Edward/.npm correctMkdir not in flight; initializing
68 verbose afterAdd /Users/Edward/.npm/git/0.1.5/package/package.json written
69 silly fetchNamedPackageData mime
70 silly mapToRegistry name mime
71 silly mapToRegistry using default registry
72 silly mapToRegistry registry https://registry.npmjs.org/
73 silly mapToRegistry uri https://registry.npmjs.org/mime
74 verbose request uri https://registry.npmjs.org/mime
75 verbose request no auth needed
76 info attempt registry request try #1 at 21:20:55
77 verbose etag W/"5932dd48-5cae"
78 verbose lastModified Sat, 03 Jun 2017 16:01:12 GMT
79 http request GET https://registry.npmjs.org/mime
80 http 304 https://registry.npmjs.org/mime
81 verbose headers { date: 'Mon, 12 Jun 2017 13:20:56 GMT',
81 verbose headers   via: '1.1 varnish',
81 verbose headers   'cache-control': 'max-age=300',
81 verbose headers   etag: 'W/"5932dd48-5cae"',
81 verbose headers   age: '185',
81 verbose headers   connection: 'keep-alive',
81 verbose headers   'x-served-by': 'cache-nrt6134-NRT',
81 verbose headers   'x-cache': 'HIT',
81 verbose headers   'x-cache-hits': '11',
81 verbose headers   'x-timer': 'S1497273656.218394,VS0,VE0',
81 verbose headers   vary: 'Accept-Encoding' }
82 silly get cb [ 304,
82 silly get   { date: 'Mon, 12 Jun 2017 13:20:56 GMT',
82 silly get     via: '1.1 varnish',
82 silly get     'cache-control': 'max-age=300',
82 silly get     etag: 'W/"5932dd48-5cae"',
82 silly get     age: '185',
82 silly get     connection: 'keep-alive',
82 silly get     'x-served-by': 'cache-nrt6134-NRT',
82 silly get     'x-cache': 'HIT',
82 silly get     'x-cache-hits': '11',
82 silly get     'x-timer': 'S1497273656.218394,VS0,VE0',
82 silly get     vary: 'Accept-Encoding' } ]
83 verbose etag https://registry.npmjs.org/mime from cache
84 verbose get saving mime to /Users/Edward/.npm/registry.npmjs.org/mime/.cache.json
85 verbose correctMkdir /Users/Edward/.npm correctMkdir not in flight; initializing
86 silly resolveWithNewModule mime@1.2.9 checking installable status
87 silly cache add args [ 'mime@1.2.9', null ]
88 verbose cache add spec mime@1.2.9
89 silly cache add parsed spec Result {
89 silly cache add   raw: 'mime@1.2.9',
89 silly cache add   scope: null,
89 silly cache add   name: 'mime',
89 silly cache add   rawSpec: '1.2.9',
89 silly cache add   spec: '1.2.9',
89 silly cache add   type: 'version' }
90 silly addNamed mime@1.2.9
91 verbose addNamed "1.2.9" is a plain semver version for mime
92 silly mapToRegistry name mime
93 silly mapToRegistry using default registry
94 silly mapToRegistry registry https://registry.npmjs.org/
95 silly mapToRegistry uri https://registry.npmjs.org/mime
96 verbose addNameVersion registry:https://registry.npmjs.org/mime not in flight; fetching
97 verbose get https://registry.npmjs.org/mime not expired, no request
98 silly mapToRegistry name mime
99 silly mapToRegistry using default registry
100 silly mapToRegistry registry https://registry.npmjs.org/
101 silly mapToRegistry uri https://registry.npmjs.org/mime
102 verbose addRemoteTarball https://registry.npmjs.org/mime/-/mime-1.2.9.tgz not in flight; adding
103 verbose addRemoteTarball [ 'https://registry.npmjs.org/mime/-/mime-1.2.9.tgz',
103 verbose addRemoteTarball   '009cd40867bd35de521b3b966f04e2f8d4d13d09' ]
104 info retry fetch attempt 1 at 21:20:56
105 info attempt registry request try #1 at 21:20:56
106 http fetch GET https://registry.npmjs.org/mime/-/mime-1.2.9.tgz
107 http fetch 200 https://registry.npmjs.org/mime/-/mime-1.2.9.tgz
108 silly fetchAndShaCheck shasum 009cd40867bd35de521b3b966f04e2f8d4d13d09
109 verbose addTmpTarball /var/folders/mj/whmm5d8574d8fknfcgdr6g4h0000gn/T/npm-2774-b9a026cc/registry.npmjs.org/mime/-/mime-1.2.9.tgz not in flight; adding
110 verbose addTmpTarball already have metadata; skipping unpack for mime@1.2.9
111 verbose correctMkdir /Users/Edward/.npm correctMkdir not in flight; initializing
112 silly cache afterAdd mime@1.2.9
113 verbose afterAdd /Users/Edward/.npm/mime/1.2.9/package/package.json not in flight; writing
114 verbose correctMkdir /Users/Edward/.npm correctMkdir not in flight; initializing
115 verbose afterAdd /Users/Edward/.npm/mime/1.2.9/package/package.json written
116 silly loadAllDepsIntoIdealTree Finishing
117 silly idealTree:prePrune lib
117 silly idealTree:prePrune └─┬ git@0.1.5
117 silly idealTree:prePrune   └── mime@1.2.9
118 silly loadIdealTree Finishing
119 silly currentTree lib
120 silly idealTree lib
120 silly idealTree └─┬ git@0.1.5
120 silly idealTree   └── mime@1.2.9
121 silly generateActionsToTake Starting
122 silly install generateActionsToTake
123 warn checkPermissions Missing write access to /usr/local/lib/node_modules
124 silly rollbackFailedOptional Starting
125 silly rollbackFailedOptional Finishing
126 silly runTopLevelLifecycles Starting
127 silly runTopLevelLifecycles Finishing
128 silly install printInstalled
129 verbose stack Error: EACCES: permission denied, access '/usr/local/lib/node_modules'
129 verbose stack     at Error (native)
130 verbose cwd /Users/Edward/Desktop/简历
131 error Darwin 16.4.0
132 error argv "/usr/local/bin/node" "/usr/local/bin/npm" "install" "git" "-g"
133 error node v5.7.0
134 error npm  v3.6.0
135 error path /usr/local/lib/node_modules
136 error code EACCES
137 error errno -13
138 error syscall access
139 error Error: EACCES: permission denied, access '/usr/local/lib/node_modules'
139 error     at Error (native)
139 error  { [Error: EACCES: permission denied, access '/usr/local/lib/node_modules']
139 error   errno: -13,
139 error   code: 'EACCES',
139 error   syscall: 'access',
139 error   path: '/usr/local/lib/node_modules' }
140 error Please try running this command again as root/Administrator.
141 verbose exit [ -13, true ]
